\BOOKMARK [0][-]{chapter.1}{\376\377\000I\000n\000t\000r\000o\000d\000u\000c\000t\000i\000o\000n}{}% 1
\BOOKMARK [0][-]{chapter.2}{\376\377\000M\000e\000t\000h\000o\000d\000s}{}% 2
\BOOKMARK [1][-]{section.2.1}{\376\377\000P\000r\000o\000t\000o\000c\000o\000l\000:\000F\000i\000r\000s\000t\000\040\000P\000a\000r\000t}{chapter.2}% 3
\BOOKMARK [1][-]{section.2.2}{\376\377\000D\000a\000t\000a\000\040\000C\000o\000l\000l\000e\000c\000t\000i\000o\000n\000\040\000P\000r\000o\000t\000o\000c\000o\000l}{chapter.2}% 4
\BOOKMARK [1][-]{section.2.3}{\376\377\000E\000x\000p\000e\000r\000i\000m\000e\000n\000t\000a\000l\000\040\000S\000e\000t\000t\000i\000n\000g}{chapter.2}% 5
\BOOKMARK [2][-]{subsection.2.3.1}{\376\377\000M\000a\000t\000t\000r\000e\000s\000s\000\040}{section.2.3}% 6
\BOOKMARK [2][-]{subsection.2.3.2}{\376\377\000P\000i\000l\000l\000o\000w\000\040\000a\000n\000d\000\040\000b\000e\000d\000\040\000s\000h\000e\000e\000t\000s}{section.2.3}% 7
\BOOKMARK [2][-]{subsection.2.3.3}{\376\377\000G\000r\000o\000u\000n\000d\000\040\000t\000r\000u\000t\000h\000\040}{section.2.3}% 8
\BOOKMARK [1][-]{section.2.4}{\376\377\000P\000a\000t\000i\000e\000n\000t\000\040\000s\000e\000t\000t\000i\000n\000g}{chapter.2}% 9
\BOOKMARK [2][-]{subsection.2.4.1}{\376\377\000w\000h\000a\000t\000\040\000t\000o\000\040\000w\000e\000a\000r}{section.2.4}% 10
\BOOKMARK [2][-]{subsection.2.4.2}{\376\377\000L\000a\000y\000\040\000d\000o\000w\000n\000\040\000p\000o\000s\000i\000t\000i\000o\000n}{section.2.4}% 11
\BOOKMARK [2][-]{subsection.2.4.3}{\376\377\000P\000a\000t\000t\000e\000r\000n\000\040\000P\000o\000s\000i\000t\000i\000o\000n}{section.2.4}% 12
\BOOKMARK [2][-]{subsection.2.4.4}{\376\377\000h\000o\000w\000\040\000l\000o\000n\000g\000\040\000t\000h\000e\000y\000\040\000h\000a\000v\000e\000\040\000t\000o\000\040\000l\000a\000y\000\040\000d\000o\000w\000n}{section.2.4}% 13
\BOOKMARK [1][-]{section.2.5}{\376\377\000D\000a\000t\000a\000\040\000C\000o\000l\000l\000e\000c\000t\000i\000o\000n}{chapter.2}% 14
\BOOKMARK [2][-]{subsection.2.5.1}{\376\377\000J\000o\000i\000n\000t\000\040\000D\000a\000t\000a\000\040\000C\000o\000l\000l\000e\000c\000t\000i\000o\000n}{section.2.5}% 15
\BOOKMARK [2][-]{subsection.2.5.2}{\376\377\000H\000e\000a\000r\000t\000\040\000R\000a\000t\000e\000\040\000D\000a\000t\000a\000\040\000C\000o\000l\000l\000e\000c\000t\000i\000o\000n}{section.2.5}% 16
\BOOKMARK [1][-]{section.2.6}{\376\377\000W\000o\000r\000d\000s}{chapter.2}% 17
\BOOKMARK [0][-]{chapter.3}{\376\377\000D\000a\000t\000a\000\040\000A\000n\000a\000l\000y\000s\000i\000s}{}% 18
\BOOKMARK [0][-]{chapter.4}{\376\377\000R\000e\000s\000u\000l\000t}{}% 19
\BOOKMARK [1][-]{section.4.1}{\376\377\000M\000e\000a\000n\000\040\000a\000b\000s\000o\000l\000u\000t\000e\000\040\000e\000r\000r\000o\000r\000\040\000\050\000M\000A\000E\000\051}{chapter.4}% 20
\BOOKMARK [1][-]{section.4.2}{\376\377\000M\000e\000a\000n\000\040\000a\000b\000s\000o\000l\000u\000t\000e\000\040\000p\000e\000r\000c\000e\000n\000t\000a\000g\000e\000\040\000e\000r\000r\000o\000r\000\040\000\050\000M\000A\000P\000E\000\051}{chapter.4}% 21
\BOOKMARK [1][-]{section.4.3}{\376\377\000R\000o\000o\000t\000\040\000M\000e\000a\000n\000\040\000S\000q\000u\000a\000r\000e\000\040\000E\000r\000r\000o\000r\000\040\000\050\000R\000M\000S\000E\000\051\000\040}{chapter.4}% 22
\BOOKMARK [0][-]{chapter.5}{\376\377\000C\000o\000n\000c\000l\000u\000s\000i\000o\000n\000\040\000a\000n\000d\000\040\000f\000u\000t\000u\000r\000e\000\040\000d\000i\000s\000c\000u\000s\000s\000i\000n}{}% 23
