\BOOKMARK [0][-]{chapter.1}{\376\377\000I\000n\000t\000r\000o\000d\000u\000c\000t\000i\000o\000n}{}% 1
\BOOKMARK [0][-]{chapter.2}{\376\377\000S\000t\000a\000t\000e\000\040\000o\000f\000\040\000A\000r\000t}{}% 2
\BOOKMARK [1][-]{section.2.1}{\376\377\000S\000l\000e\000e\000p\000\040\000S\000t\000a\000g\000e\000s}{chapter.2}% 3
\BOOKMARK [1][-]{section.2.2}{\376\377\000R\000e\000s\000p\000i\000r\000a\000t\000o\000r\000y\000\040\000S\000y\000s\000t\000e\000m}{chapter.2}% 4
\BOOKMARK [1][-]{section.2.3}{\376\377\000P\000o\000l\000y\000s\000o\000m\000n\000o\000g\000r\000a\000p\000h\000y}{chapter.2}% 5
\BOOKMARK [2][-]{subsection.2.3.1}{\376\377\000C\000a\000r\000d\000i\000o\000r\000e\000s\000p\000i\000r\000a\000t\000o\000r\000y\000\040\000P\000o\000l\000y\000s\000o\000m\000n\000o\000g\000r\000a\000p\000h\000y}{section.2.3}% 6
\BOOKMARK [1][-]{section.2.4}{\376\377\000U\000n\000o\000b\000s\000t\000r\000u\000s\000i\000v\000e\000\040\000s\000e\000n\000s\000o\000r\000s}{chapter.2}% 7
\BOOKMARK [2][-]{subsection.2.4.1}{\376\377\000T\000e\000x\000t\000i\000l\000e\000\040\000P\000r\000e\000s\000s\000u\000r\000e\000\040\000M\000a\000t\000t\000r\000e\000s\000s}{section.2.4}% 8
\BOOKMARK [0][-]{chapter.3}{\376\377\000M\000e\000t\000h\000o\000d\000s}{}% 9
\BOOKMARK [1][-]{section.3.1}{\376\377\000I\000n\000s\000t\000r\000u\000m\000e\000n\000t\000s}{chapter.3}% 10
\BOOKMARK [2][-]{subsection.3.1.1}{\376\377\000S\000e\000n\000s\000o\000m\000a\000t\000i\000v\000e}{section.3.1}% 11
\BOOKMARK [2][-]{subsection.3.1.2}{\376\377\000S\000e\000n\000s\000i\000n\000g\000T\000e\000x}{section.3.1}% 12
\BOOKMARK [2][-]{subsection.3.1.3}{\376\377\000N\000o\000x\000\040\000A\0001\000,\000\040\000p\000o\000l\000y\000s\000o\000m\000n\000o\000g\000r\000a\000p\000h\000y}{section.3.1}% 13
\BOOKMARK [2][-]{subsection.3.1.4}{\376\377\000S\000o\000m\000n\000o\000m\000a\000t\000\040\000C\000a\000s\000a}{section.3.1}% 14
\BOOKMARK [1][-]{section.3.2}{\376\377\000D\000a\000t\000a\000\040\000C\000o\000l\000l\000e\000c\000t\000i\000o\000n}{chapter.3}% 15
\BOOKMARK [2][-]{subsection.3.2.1}{\376\377\000N\000o\000r\000m\000a\000l\000\040\000B\000e\000d}{section.3.2}% 16
\BOOKMARK [2][-]{subsection.3.2.2}{\376\377\000R\000o\000c\000k\000i\000n\000g\000\040\000B\000e\000d}{section.3.2}% 17
\BOOKMARK [2][-]{subsection.3.2.3}{\376\377\000D\000a\000t\000a\000\040\000p\000r\000o\000c\000e\000s\000s\000i\000n\000g}{section.3.2}% 18
\BOOKMARK [0][-]{chapter.4}{\376\377\000D\000a\000t\000a\000\040\000A\000n\000a\000l\000y\000s\000i\000s}{}% 19
\BOOKMARK [1][-]{section.4.1}{\376\377\000P\000r\000e\000l\000i\000m\000i\000n\000a\000r\000y\000\040\000S\000t\000u\000d\000y\000\040\000o\000n\000\040\000S\000e\000n\000s\000o\000m\000a\000t\000i\000v\000e\000\040\000M\000a\000t\000t\000r\000e\000s\000s}{chapter.4}% 20
\BOOKMARK [1][-]{section.4.2}{\376\377\000P\000i\000p\000e\000l\000i\000n\000e}{chapter.4}% 21
\BOOKMARK [2][-]{subsection.4.2.1}{\376\377\000W\000e\000i\000g\000h\000t\000e\000d\000\040\000a\000n\000d\000\040\000b\000i\000n\000a\000r\000y\000\040\000m\000e\000t\000h\000o\000d}{section.4.2}% 22
\BOOKMARK [2][-]{subsection.4.2.2}{\376\377\000E\000x\000c\000l\000u\000d\000i\000n\000g\000\040\000c\000r\000i\000t\000e\000r\000i\000a}{section.4.2}% 23
\BOOKMARK [2][-]{subsection.4.2.3}{\376\377\000D\000e\000n\000o\000i\000s\000e\000d\000\040\000S\000i\000g\000n\000a\000l\000s}{section.4.2}% 24
\BOOKMARK [2][-]{subsection.4.2.4}{\376\377\000M\000u\000l\000t\000i\000r\000e\000s\000o\000l\000u\000t\000i\000o\000n\000\040\000O\000v\000e\000r\000l\000a\000p\000\040\000D\000i\000s\000c\000r\000e\000t\000e\000\040\000W\000a\000v\000e\000l\000e\000t\000\040\000T\000r\000a\000n\000s\000f\000o\000r\000m}{section.4.2}% 25
\BOOKMARK [2][-]{subsection.4.2.5}{\376\377\000S\000a\000v\000i\000t\000z\000-\000G\000o\000l\000a\000y\000\040\000f\000i\000l\000t\000e\000r}{section.4.2}% 26
\BOOKMARK [2][-]{subsection.4.2.6}{\376\377\000S\000u\000b\000s\000e\000q\000u\000e\000n\000t\000\040\000a\000n\000a\000l\000y\000s\000e\000s\000\040\000o\000f\000\040\000t\000h\000e\000\040\000f\000i\000l\000t\000e\000r\000e\000d\000\040\000s\000i\000g\000n\000a\000l}{section.4.2}% 27
\BOOKMARK [2][-]{subsection.4.2.7}{\376\377\000C\000o\000m\000p\000u\000t\000e\000\040\000t\000h\000e\000\040\000R\000e\000s\000p\000i\000r\000a\000t\000o\000r\000y\000\040\000R\000a\000t\000e}{section.4.2}% 28
\BOOKMARK [2][-]{subsection.4.2.8}{\376\377\000R\000e\000s\000u\000l\000t\000\040\000o\000f\000\040\000t\000h\000e\000\040\000P\000i\000p\000e\000l\000i\000n\000e\000\040\000\050\000v\000i\000s\000u\000a\000l\000\051}{section.4.2}% 29
\BOOKMARK [0][-]{chapter.5}{\376\377\000R\000e\000s\000u\000l\000t}{}% 30
\BOOKMARK [1][-]{section.5.1}{\376\377\000E\000v\000a\000l\000u\000a\000t\000i\000o\000n\000\040\000M\000e\000t\000r\000i\000c\000s}{chapter.5}% 31
\BOOKMARK [2][-]{subsection.5.1.1}{\376\377\000M\000e\000a\000n\000\040\000a\000b\000s\000o\000l\000u\000t\000e\000\040\000e\000r\000r\000o\000r}{section.5.1}% 32
\BOOKMARK [2][-]{subsection.5.1.2}{\376\377\000M\000e\000a\000n\000\040\000a\000b\000s\000o\000l\000u\000t\000e\000\040\000p\000e\000r\000c\000e\000n\000t\000a\000g\000e\000\040\000e\000r\000r\000o\000r}{section.5.1}% 33
\BOOKMARK [2][-]{subsection.5.1.3}{\376\377\000B\000l\000a\000n\000d\040\023\000A\000l\000t\000m\000a\000n\000\040\000P\000l\000o\000t}{section.5.1}% 34
\BOOKMARK [1][-]{section.5.2}{\376\377\000R\000e\000s\000u\000l\000t\000\040\000f\000o\000r\000\040\000M\000O\000D\000W\000T\000M\000R\000A}{chapter.5}% 35
\BOOKMARK [1][-]{section.5.3}{\376\377\000N\000o\000r\000m\000a\000l\000\040\000B\000e\000d}{chapter.5}% 36
\BOOKMARK [1][-]{section.5.4}{\376\377\000R\000e\000s\000u\000l\000t\000\040\000f\000o\000r\000\040\000S\000a\000v\000i\000t\000z\000k\000y\040\023\000G\000o\000l\000a\000y\000\040\000f\000i\000l\000t\000e\000r}{chapter.5}% 37
\BOOKMARK [2][-]{subsection.5.4.1}{\376\377\000R\000e\000s\000u\000l\000t\000\040\000R\000o\000c\000k\000i\000n\000g\000\040\000B\000e\000d}{section.5.4}% 38
\BOOKMARK [1][-]{section.5.5}{\376\377\000F\000i\000n\000a\000l\000\040\000R\000e\000m\000a\000r\000k\000s\000\040\000o\000n\000\040\000t\000h\000e\000\040\000R\000e\000s\000u\000l\000t\000s}{chapter.5}% 39
\BOOKMARK [0][-]{chapter.6}{\376\377\000C\000o\000n\000c\000l\000u\000s\000i\000o\000n}{}% 40
